This file contains any messages produced by compilers while
running configure, to aid debugging if configure makes a mistake.

It was created by configure, which was
generated by GNU Autoconf 2.61.  Invocation command line was

  $ ./configure 

## --------- ##
## Platform. ##
## --------- ##

hostname = camden
uname -m = i686
uname -r = 2.6.38-8-generic
uname -s = Linux
uname -v = #42-Ubuntu SMP Mon Apr 11 03:31:50 UTC 2011

/usr/bin/uname -p = unknown
/bin/uname -X     = unknown

/bin/arch              = unknown
/usr/bin/arch -k       = unknown
/usr/convex/getsysinfo = unknown
/usr/bin/hostinfo      = unknown
/bin/machine           = unknown
/usr/bin/oslevel       = unknown
/bin/universe          = unknown

PATH: /home/follinge/bin
PATH: /opt/mv_pro_4.0.1/montavista/pro/devkit/arm/v5t_le/bin/
PATH: /bin
PATH: /usr/bin
PATH: /sbin
PATH: /usr/sbin


## ----------- ##
## Core tests. ##
## ----------- ##

configure:2137: checking build system type
configure:2155: result: i686-pc-linux-gnu
configure:2177: checking host system type
configure:2192: result: i686-pc-linux-gnu
configure:2214: checking target system type
configure:2229: result: i686-pc-linux-gnu
configure:2291: checking for a BSD-compatible install
configure:2347: result: /usr/bin/install -c
configure:2362: checking for -p flag to install
configure:2375: result: yes
configure:2386: checking whether build environment is sane
configure:2429: result: yes
configure:2444: checking for a thread-safe mkdir -p
configure:2483: result: /bin/mkdir -p
configure:2496: checking for gawk
configure:2512: found /usr/bin/gawk
configure:2523: result: gawk
configure:2534: checking whether make sets $(MAKE)
configure:2555: result: yes
configure:2761: checking for kde-config
configure:2811: result: not found
configure:2816: error: The important program kde-config was not found!
Please check whether you installed KDE correctly.


## ---------------- ##
## Cache variables. ##
## ---------------- ##

ac_cv_build=i686-pc-linux-gnu
ac_cv_env_CCC_set=
ac_cv_env_CCC_value=
ac_cv_env_CC_set=
ac_cv_env_CC_value=
ac_cv_env_CFLAGS_set=
ac_cv_env_CFLAGS_value=
ac_cv_env_CPPFLAGS_set=
ac_cv_env_CPPFLAGS_value=
ac_cv_env_CPP_set=
ac_cv_env_CPP_value=
ac_cv_env_CXXCPP_set=
ac_cv_env_CXXCPP_value=
ac_cv_env_CXXFLAGS_set=
ac_cv_env_CXXFLAGS_value=
ac_cv_env_CXX_set=
ac_cv_env_CXX_value=
ac_cv_env_F77_set=
ac_cv_env_F77_value=
ac_cv_env_FFLAGS_set=
ac_cv_env_FFLAGS_value=
ac_cv_env_LDFLAGS_set=
ac_cv_env_LDFLAGS_value=
ac_cv_env_LIBS_set=
ac_cv_env_LIBS_value=
ac_cv_env_XMKMF_set=
ac_cv_env_XMKMF_value=
ac_cv_env_build_alias_set=
ac_cv_env_build_alias_value=
ac_cv_env_host_alias_set=
ac_cv_env_host_alias_value=
ac_cv_env_target_alias_set=
ac_cv_env_target_alias_value=
ac_cv_host=i686-pc-linux-gnu
ac_cv_path_install='/usr/bin/install -c'
ac_cv_path_mkdir=/bin/mkdir
ac_cv_prog_AWK=gawk
ac_cv_prog_make_make_set=yes
ac_cv_target=i686-pc-linux-gnu
kde_cv_path=NONE
kde_cv_path_kde_config=NONE

## ----------------- ##
## Output variables. ##
## ----------------- ##

ACLOCAL='${SHELL} /home/follinge/projects/kscope-kde4/kgit/admin/missing --run aclocal-1.10'
AMDEPBACKSLASH=''
AMDEP_FALSE=''
AMDEP_TRUE=''
AMTAR='${SHELL} /home/follinge/projects/kscope-kde4/kgit/admin/missing --run tar'
AR=''
ARTSCCONFIG=''
AUTOCONF='${SHELL} /home/follinge/projects/kscope-kde4/kgit/admin/missing --run autoconf'
AUTODIRS=''
AUTOHEADER='${SHELL} /home/follinge/projects/kscope-kde4/kgit/admin/missing --run autoheader'
AUTOMAKE='${SHELL} /home/follinge/projects/kscope-kde4/kgit/admin/missing --run automake-1.10'
AWK='gawk'
CC=''
CCDEPMODE=''
CFLAGS=''
CONF_FILES=''
CPP=''
CPPFLAGS=''
CXX=''
CXXCPP=''
CXXDEPMODE=''
CXXFLAGS=''
CYGPATH_W='echo'
DCOPIDL2CPP=''
DCOPIDL=''
DCOPIDLNG=''
DCOP_DEPENDENCIES=''
DEFS=''
DEPDIR=''
ECHO='echo'
ECHO_C=''
ECHO_N='-n'
ECHO_T=''
EGREP=''
ENABLE_PERMISSIVE_FLAG=''
EXEEXT=''
F77=''
FFLAGS=''
FRAMEWORK_COREAUDIO=''
GMSGFMT=''
GREP=''
HAVE_GCC_VISIBILITY=''
INSTALL_DATA='${INSTALL} -m 644'
INSTALL_PROGRAM='${INSTALL} $(INSTALL_STRIP_FLAG)'
INSTALL_SCRIPT='${INSTALL}'
INSTALL_STRIP_PROGRAM='$(install_sh) -c -s'
KCFG_DEPENDENCIES=''
KCONFIG_COMPILER=''
KDECONFIG=''
KDE_CHECK_PLUGIN=''
KDE_EXTRA_RPATH=''
KDE_INCLUDES=''
KDE_LDFLAGS=''
KDE_MT_LDFLAGS=''
KDE_MT_LIBS=''
KDE_NO_UNDEFINED=''
KDE_PLUGIN=''
KDE_RPATH=''
KDE_USE_CLOSURE_FALSE=''
KDE_USE_CLOSURE_TRUE=''
KDE_USE_FINAL_FALSE=''
KDE_USE_FINAL_TRUE=''
KDE_USE_FPIE=''
KDE_USE_NMCHECK_FALSE=''
KDE_USE_NMCHECK_TRUE=''
KDE_USE_PIE=''
KDE_XSL_STYLESHEET=''
LDFLAGS=''
LDFLAGS_AS_NEEDED=''
LDFLAGS_NEW_DTAGS=''
LIBCOMPAT=''
LIBCRYPT=''
LIBDL=''
LIBJPEG=''
LIBOBJS=''
LIBPNG=''
LIBPTHREAD=''
LIBRESOLV=''
LIBS=''
LIBSM=''
LIBSOCKET=''
LIBTOOL=''
LIBUCB=''
LIBUTIL=''
LIBZ=''
LIB_KAB=''
LIB_KABC=''
LIB_KDECORE=''
LIB_KDED=''
LIB_KDEPIM=''
LIB_KDEPRINT=''
LIB_KDEUI=''
LIB_KDNSSD=''
LIB_KFILE=''
LIB_KFM=''
LIB_KHTML=''
LIB_KIMPROXY=''
LIB_KIO=''
LIB_KJS=''
LIB_KNEWSTUFF=''
LIB_KPARTS=''
LIB_KSPELL=''
LIB_KSYCOCA=''
LIB_KUNITTEST=''
LIB_KUTILS=''
LIB_POLL=''
LIB_QPE=''
LIB_QT=''
LIB_SMB=''
LIB_X11=''
LIB_XEXT=''
LIB_XRENDER=''
LN_S=''
LTLIBOBJS=''
MAKEINFO='${SHELL} /home/follinge/projects/kscope-kde4/kgit/admin/missing --run makeinfo'
MAKEKDEWIDGETS=''
MCOPIDL=''
MEINPROC=''
MOC=''
MSGFMT=''
NOOPT_CFLAGS=''
NOOPT_CXXFLAGS=''
OBJEXT=''
PACKAGE='kgit'
PACKAGE_BUGREPORT=''
PACKAGE_NAME=''
PACKAGE_STRING=''
PACKAGE_TARNAME=''
PACKAGE_VERSION=''
PATH_SEPARATOR=':'
PERL=''
QTE_NORTTI=''
QT_INCLUDES=''
QT_LDFLAGS=''
RANLIB=''
SET_MAKE=''
SHELL='/bin/bash'
STRIP=''
TOPSUBDIRS=''
UIC=''
UIC_TR=''
USER_INCLUDES=''
USER_LDFLAGS=''
USE_EXCEPTIONS=''
USE_RTTI=''
USE_THREADS=''
VERSION='0.1'
WOVERLOADED_VIRTUAL=''
XGETTEXT=''
XMKMF=''
XMLLINT=''
X_EXTRA_LIBS=''
X_INCLUDES=''
X_LDFLAGS=''
X_PRE_LIBS=''
X_RPATH=''
ac_ct_CC=''
ac_ct_CXX=''
ac_ct_F77=''
all_includes=''
all_libraries=''
am__fastdepCC_FALSE=''
am__fastdepCC_TRUE=''
am__fastdepCXX_FALSE=''
am__fastdepCXX_TRUE=''
am__include=''
am__isrc=''
am__leading_dot='.'
am__quote=''
am__tar='${AMTAR} chof - "$$tardir"'
am__untar='${AMTAR} xf -'
bindir='${exec_prefix}/bin'
build='i686-pc-linux-gnu'
build_alias=''
build_cpu='i686'
build_os='linux-gnu'
build_vendor='pc'
datadir='${datarootdir}'
datarootdir='${prefix}/share'
docdir='${datarootdir}/doc/${PACKAGE}'
dvidir='${docdir}'
exec_prefix='NONE'
host='i686-pc-linux-gnu'
host_alias=''
host_cpu='i686'
host_os='linux-gnu'
host_vendor='pc'
htmldir='${docdir}'
include_ARTS_FALSE=''
include_ARTS_TRUE=''
include_x11_FALSE=''
include_x11_TRUE=''
includedir='${prefix}/include'
infodir='${datarootdir}/info'
install_sh='$(SHELL) /home/follinge/projects/kscope-kde4/kgit/admin/install-sh'
kde_appsdir=''
kde_bindir=''
kde_confdir=''
kde_datadir=''
kde_htmldir=''
kde_icondir=''
kde_includes=''
kde_kcfgdir=''
kde_libraries=''
kde_libs_htmldir=''
kde_libs_prefix=''
kde_locale=''
kde_mimedir=''
kde_moduledir=''
kde_qtver=''
kde_servicesdir=''
kde_servicetypesdir=''
kde_sounddir=''
kde_styledir=''
kde_templatesdir=''
kde_wallpaperdir=''
kde_widgetdir=''
kdeinitdir=''
libdir='${exec_prefix}/lib'
libexecdir='${exec_prefix}/libexec'
localedir='${datarootdir}/locale'
localstatedir='${prefix}/var'
mandir='${datarootdir}/man'
mkdir_p='/bin/mkdir -p'
oldincludedir='/usr/include'
pdfdir='${docdir}'
prefix='NONE'
program_transform_name='s,x,x,'
psdir='${docdir}'
qt_includes=''
qt_libraries=''
sbindir='${exec_prefix}/sbin'
sharedstatedir='${prefix}/com'
sysconfdir='${prefix}/etc'
target='i686-pc-linux-gnu'
target_alias=''
target_cpu='i686'
target_os='linux-gnu'
target_vendor='pc'
unsermake_enable_pch_FALSE=''
unsermake_enable_pch_TRUE=''
x_includes='NONE'
x_libraries='NONE'
xdg_appsdir=''
xdg_directorydir=''
xdg_menudir=''

## ----------- ##
## confdefs.h. ##
## ----------- ##

#define PACKAGE_NAME ""
#define PACKAGE_TARNAME ""
#define PACKAGE_VERSION ""
#define PACKAGE_STRING ""
#define PACKAGE_BUGREPORT ""
#define PACKAGE "kgit"
#define VERSION "0.1"

configure: exit 1
